nohup: les entrées sont ignorées

table_2d_score (40,50) :

   A  R  N  D   C  Q  E  G  H  I  L  K  M  F  P  S  T   W  Y  V
A  5 -3 -3 -3   0 -2 -2 -1 -4 -3 -3 -2 -3 -4 -2  1 -1  -5 -4 -1
R -3  6 -1 -2  -5  1 -1 -5 -1 -5 -4  2 -4 -6 -4 -2 -2  -3 -4 -5
N -3 -1  8  1  -3  0 -1 -2  0 -5 -5 -1 -3 -6 -4  0 -1  -6 -3 -5
D -3 -2  1  7  -6  0  2 -3 -1 -7 -7 -1 -5 -8 -3 -1 -2  -6 -5 -6
C  0 -5 -3 -6  10 -5 -6 -2 -4 -2 -2 -5 -2 -3 -6  0  0  -4 -3 -1
Q -2  1  0  0  -5  7  2 -4  1 -4 -3  1 -1 -5 -3 -1 -1  -4 -3 -4
E -2 -1 -1  2  -6  2  6 -4 -2 -5 -5  0 -4 -7 -2 -2 -2  -5 -5 -4
G -1 -5 -2 -3  -2 -4 -4  7 -4 -7 -7 -4 -6 -7 -5 -1 -4  -7 -7 -6
H -4 -1  0 -1  -4  1 -2 -4  9 -5 -4 -1 -4 -2 -4 -2 -3  -2  1 -5
I -3 -5 -5 -7  -2 -4 -5 -7 -5  5  1 -4  1 -1 -6 -5 -2  -4 -3  3
L -3 -4 -5 -7  -2 -3 -5 -7 -4  1  5 -4  2  0 -5 -5 -3  -3 -2  0
K -2  2 -1 -1  -5  1  0 -4 -1 -4 -4  7 -3 -6 -3 -2 -2  -5 -4 -4
M -3 -4 -3 -5  -2 -1 -4 -6 -4  1  2 -3  8  0 -6 -3 -2  -3 -3  0
F -4 -6 -6 -8  -3 -5 -7 -7 -2 -1  0 -6  0  8 -6 -5 -4   1  3 -2
P -2 -4 -4 -3  -6 -3 -2 -5 -4 -6 -5 -3 -6 -6  9 -2 -3  -6 -6 -4
S  1 -2  0 -1   0 -1 -2 -1 -2 -5 -5 -2 -3 -5 -2  6  1  -5 -4 -4
T -1 -2 -1 -2   0 -1 -2 -4 -3 -2 -3 -2 -2 -4 -3  1  6  -5 -4 -1
W -5 -3 -6 -6  -4 -4 -5 -7 -2 -4 -3 -5 -3  1 -6 -5 -5  12  2 -4
Y -4 -4 -3 -5  -3 -3 -5 -7  1 -3 -2 -4 -3  3 -6 -4 -4   2  8 -3
V -1 -5 -5 -6  -1 -4 -4 -6 -5  3  0 -4  0 -2 -4 -4 -1  -4 -3  5


table_2d_proba [40,50]
PSEUDO_COUNTER_2D: 0

          A         R         N  ...         W         Y         V
A  0.524898  0.022348  0.013448  ...  0.001943  0.006886  0.053823
R  0.041291  0.542186  0.023179  ...  0.003870  0.009075  0.015514
N  0.040943  0.038194  0.495582  ...  0.001565  0.009987  0.012840
D  0.042186  0.024578  0.054742  ...  0.001201  0.005483  0.008831
C  0.122939  0.012076  0.012139  ...  0.002520  0.010660  0.062018
Q  0.056188  0.075780  0.030461  ...  0.002458  0.009758  0.020034
E  0.059851  0.040580  0.024599  ...  0.001643  0.006327  0.016582
G  0.075482  0.011767  0.016124  ...  0.000992  0.003033  0.009438
H  0.029891  0.044496  0.040156  ...  0.005378  0.045724  0.013786
I  0.037210  0.010891  0.005235  ...  0.003026  0.010279  0.188718
L  0.033963  0.013403  0.005355  ...  0.004323  0.013704  0.080149
K  0.048685  0.136661  0.028994  ...  0.001872  0.007305  0.017645
M  0.043239  0.016996  0.012892  ...  0.003984  0.012642  0.068967
F  0.023726  0.007978  0.004416  ...  0.014732  0.097648  0.035664
P  0.053797  0.014811  0.008846  ...  0.001489  0.003702  0.016958
S  0.137169  0.026063  0.037919  ...  0.002101  0.008060  0.021618
T  0.081214  0.026058  0.025534  ...  0.002108  0.008431  0.060242
W  0.018745  0.020207  0.004960  ...  0.675775  0.063419  0.016950
Y  0.023709  0.016912  0.011295  ...  0.022632  0.569412  0.024130
V  0.077274  0.012055  0.006055  ...  0.002522  0.010062  0.437550

[20 rows x 20 columns]
SUM OVER A CHARACTER OF DESTINATION:

A    1.0
R    1.0
N    1.0
D    1.0
C    1.0
Q    1.0
E    1.0
G    1.0
H    1.0
I    1.0
L    1.0
K    1.0
M    1.0
F    1.0
P    1.0
S    1.0
T    1.0
W    1.0
Y    1.0
V    1.0
dtype: float64


table_2d_proba [40,50]
PSEUDO_COUNTER_2D: 0.001

          A         R         N  ...         W         Y         V
A  0.524480  0.022383  0.013470  ...  0.001952  0.006910  0.053844
R  0.041356  0.541702  0.023191  ...  0.003877  0.009097  0.015572
N  0.041009  0.038213  0.495122  ...  0.001574  0.010008  0.012901
D  0.042251  0.024611  0.054722  ...  0.001210  0.005508  0.008897
C  0.122923  0.012121  0.012162  ...  0.002528  0.010680  0.062030
Q  0.056238  0.075762  0.030465  ...  0.002467  0.009779  0.020088
E  0.059898  0.040597  0.024609  ...  0.001652  0.006352  0.016640
G  0.075513  0.011812  0.016143  ...  0.001002  0.003061  0.009503
H  0.029968  0.044510  0.040151  ...  0.005384  0.045709  0.013846
I  0.037279  0.010938  0.005264  ...  0.003034  0.010300  0.188604
L  0.034036  0.013447  0.005385  ...  0.004330  0.013721  0.080144
K  0.048743  0.136582  0.029000  ...  0.001881  0.007329  0.017701
M  0.043303  0.017036  0.012914  ...  0.003991  0.012660  0.068973
F  0.023809  0.008028  0.004446  ...  0.014728  0.097581  0.035703
P  0.053849  0.014854  0.008872  ...  0.001498  0.003729  0.017015
S  0.137139  0.026095  0.037916  ...  0.002110  0.008083  0.021671
T  0.081240  0.026090  0.025543  ...  0.002117  0.008453  0.060256
W  0.018832  0.020245  0.004990  ...  0.675111  0.063387  0.017007
Y  0.023792  0.016953  0.011319  ...  0.022620  0.568874  0.024180
V  0.077304  0.012100  0.006084  ...  0.002531  0.010083  0.437187

[20 rows x 20 columns]
SUM OVER A CHARACTER OF DESTINATION:

A    1.0
R    1.0
N    1.0
D    1.0
C    1.0
Q    1.0
E    1.0
G    1.0
H    1.0
I    1.0
L    1.0
K    1.0
M    1.0
F    1.0
P    1.0
S    1.0
T    1.0
W    1.0
Y    1.0
V    1.0
dtype: float64


table_2d_proba [40,50]
PSEUDO_COUNTER_2D: 0.01

          A         R         N  ...         W         Y         V
A  0.520756  0.022698  0.013662  ...  0.002033  0.007124  0.054025
R  0.041937  0.537389  0.023296  ...  0.003941  0.009292  0.016095
N  0.041593  0.038386  0.491022  ...  0.001659  0.010195  0.013447
D  0.042824  0.024906  0.054546  ...  0.001298  0.005735  0.009479
C  0.122777  0.012527  0.012365  ...  0.002604  0.010861  0.062139
Q  0.056686  0.075601  0.030506  ...  0.002543  0.009968  0.020571
E  0.060313  0.040750  0.024702  ...  0.001736  0.006571  0.017153
G  0.075790  0.012221  0.016311  ...  0.001091  0.003310  0.010080
H  0.030650  0.044627  0.040105  ...  0.005434  0.045577  0.014384
I  0.037897  0.011355  0.005529  ...  0.003106  0.010484  0.187585
L  0.034682  0.013841  0.005649  ...  0.004390  0.013874  0.080091
K  0.049258  0.135879  0.029054  ...  0.001963  0.007539  0.018205
M  0.043866  0.017398  0.013111  ...  0.004053  0.012823  0.069020
F  0.024547  0.008470  0.004719  ...  0.014695  0.096987  0.036046
P  0.054319  0.015236  0.009105  ...  0.001583  0.003971  0.017525
S  0.136866  0.026376  0.037890  ...  0.002189  0.008287  0.022139
T  0.081465  0.026371  0.025627  ...  0.002196  0.008654  0.060381
W  0.019614  0.020578  0.005257  ...  0.669193  0.063098  0.017517
Y  0.024530  0.017316  0.011530  ...  0.022517  0.564081  0.024626
V  0.077564  0.012507  0.006341  ...  0.002607  0.010269  0.433953

[20 rows x 20 columns]
SUM OVER A CHARACTER OF DESTINATION:

A    1.0
R    1.0
N    1.0
D    1.0
C    1.0
Q    1.0
E    1.0
G    1.0
H    1.0
I    1.0
L    1.0
K    1.0
M    1.0
F    1.0
P    1.0
S    1.0
T    1.0
W    1.0
Y    1.0
V    1.0
dtype: float64


table_2d_proba [40,50]
PSEUDO_COUNTER_2D: 0.1

          A         R         N  ...         W         Y         V
A  0.486868  0.025560  0.015408  ...  0.002770  0.009074  0.055678
R  0.047225  0.498140  0.024254  ...  0.004522  0.011064  0.020851
N  0.046909  0.039965  0.453711  ...  0.002427  0.011893  0.018420
D  0.048039  0.027587  0.052947  ...  0.002095  0.007798  0.014776
C  0.121451  0.016221  0.014217  ...  0.003295  0.012504  0.063128
Q  0.060767  0.074134  0.030874  ...  0.003239  0.011684  0.024961
E  0.064098  0.042135  0.025545  ...  0.002497  0.008566  0.021823
G  0.078308  0.015940  0.017840  ...  0.001906  0.005571  0.015328
H  0.036861  0.045695  0.039687  ...  0.005893  0.044381  0.019280
I  0.043515  0.015145  0.007941  ...  0.003755  0.012158  0.178310
L  0.040564  0.017428  0.008050  ...  0.004934  0.015272  0.079611
K  0.053947  0.129481  0.029541  ...  0.002706  0.009455  0.022788
M  0.048996  0.020694  0.014902  ...  0.004625  0.014307  0.069445
F  0.031257  0.012496  0.007196  ...  0.014397  0.091584  0.039170
P  0.058594  0.018708  0.011224  ...  0.002357  0.006179  0.022164
S  0.134387  0.028937  0.037654  ...  0.002914  0.010141  0.026401
T  0.083519  0.028933  0.026394  ...  0.002920  0.010478  0.061514
W  0.026728  0.023614  0.007691  ...  0.615345  0.060468  0.022157
Y  0.031242  0.020618  0.013450  ...  0.021578  0.520461  0.028684
V  0.079937  0.016202  0.008687  ...  0.003297  0.011961  0.404521

[20 rows x 20 columns]
SUM OVER A CHARACTER OF DESTINATION:

A    1.0
R    1.0
N    1.0
D    1.0
C    1.0
Q    1.0
E    1.0
G    1.0
H    1.0
I    1.0
L    1.0
K    1.0
M    1.0
F    1.0
P    1.0
S    1.0
T    1.0
W    1.0
Y    1.0
V    1.0
dtype: float64


table_2d_proba [40,50]
PSEUDO_COUNTER_2D: 1

          A         R         N  ...         W         Y         V
A  0.315732  0.040012  0.024226  ...  0.006494  0.018918  0.064025
R  0.073928  0.299932  0.029091  ...  0.007457  0.020013  0.044870
N  0.073754  0.047935  0.265293  ...  0.006305  0.020469  0.043533
D  0.074376  0.041127  0.044872  ...  0.006123  0.018217  0.041528
C  0.114752  0.034876  0.023571  ...  0.006782  0.020805  0.068122
Q  0.081377  0.066728  0.032732  ...  0.006752  0.020354  0.047130
E  0.083208  0.049129  0.029801  ...  0.006344  0.018639  0.045404
G  0.091024  0.034722  0.025564  ...  0.006018  0.016992  0.041832
H  0.068228  0.051087  0.037579  ...  0.008211  0.038337  0.044006
I  0.071888  0.034284  0.020119  ...  0.007036  0.020615  0.131472
L  0.070265  0.035540  0.020179  ...  0.007684  0.022327  0.077188
K  0.077625  0.097169  0.031999  ...  0.006458  0.019128  0.045935
M  0.074903  0.037336  0.023947  ...  0.007514  0.021796  0.071597
F  0.065146  0.032827  0.019709  ...  0.012888  0.064299  0.054945
P  0.080181  0.036244  0.021924  ...  0.006267  0.017326  0.045592
S  0.121867  0.041870  0.036461  ...  0.006573  0.019505  0.047922
T  0.093890  0.041868  0.030268  ...  0.006576  0.019691  0.067234
W  0.062655  0.038942  0.019981  ...  0.343410  0.047185  0.045588
Y  0.065138  0.037295  0.023149  ...  0.016838  0.300181  0.049178
V  0.091920  0.034866  0.020529  ...  0.006784  0.020506  0.255888

[20 rows x 20 columns]
SUM OVER A CHARACTER OF DESTINATION:

A    1.0
R    1.0
N    1.0
D    1.0
C    1.0
Q    1.0
E    1.0
G    1.0
H    1.0
I    1.0
L    1.0
K    1.0
M    1.0
F    1.0
P    1.0
S    1.0
T    1.0
W    1.0
Y    1.0
V    1.0
dtype: float64


table_2d_proba [40,50]
PSEUDO_COUNTER_2D: 10

          A         R         N  ...         W         Y         V
A  0.144596  0.054465  0.033044  ...  0.010217  0.028763  0.072371
R  0.100632  0.101723  0.033928  ...  0.010393  0.028962  0.068888
N  0.100600  0.055906  0.076874  ...  0.010183  0.029045  0.068645
D  0.100713  0.054668  0.036798  ...  0.010150  0.028635  0.068281
C  0.108054  0.053531  0.032925  ...  0.010270  0.029106  0.073116
Q  0.101986  0.059323  0.034590  ...  0.010264  0.029024  0.069299
E  0.102319  0.056123  0.034057  ...  0.010190  0.028712  0.068985
G  0.103740  0.053503  0.033287  ...  0.010131  0.028413  0.068336
H  0.099595  0.056479  0.035472  ...  0.010530  0.032294  0.068731
I  0.100261  0.053424  0.032297  ...  0.010316  0.029071  0.084634
L  0.099965  0.053652  0.032308  ...  0.010434  0.029383  0.074764
K  0.101304  0.064857  0.034457  ...  0.010211  0.028801  0.069082
M  0.100809  0.053979  0.032993  ...  0.010403  0.029286  0.073748
F  0.099035  0.053159  0.032223  ...  0.011380  0.037014  0.070720
P  0.101769  0.053780  0.032625  ...  0.010176  0.028473  0.069019
S  0.109348  0.054803  0.035268  ...  0.010232  0.028870  0.069443
T  0.104261  0.054802  0.034142  ...  0.010232  0.028903  0.072954
W  0.098582  0.054271  0.032272  ...  0.071475  0.033902  0.069019
Y  0.099033  0.053971  0.032848  ...  0.012098  0.079902  0.069671
V  0.103903  0.053529  0.032372  ...  0.010270  0.029052  0.107255

[20 rows x 20 columns]
SUM OVER A CHARACTER OF DESTINATION:

A    1.0
R    1.0
N    1.0
D    1.0
C    1.0
Q    1.0
E    1.0
G    1.0
H    1.0
I    1.0
L    1.0
K    1.0
M    1.0
F    1.0
P    1.0
S    1.0
T    1.0
W    1.0
Y    1.0
V    1.0
dtype: float64


table_2d_proba [40,50]
PSEUDO_COUNTER_2D: 100

          A         R         N  ...         W         Y         V
A  0.110708  0.057327  0.034790  ...  0.010955  0.030712  0.074024
R  0.105919  0.062474  0.034886  ...  0.010974  0.030734  0.073644
N  0.105916  0.057484  0.039563  ...  0.010951  0.030743  0.073618
D  0.105928  0.057349  0.035199  ...  0.010947  0.030698  0.073578
C  0.106728  0.057225  0.034777  ...  0.010960  0.030750  0.074105
Q  0.106067  0.057856  0.034958  ...  0.010960  0.030741  0.073689
E  0.106103  0.057508  0.034900  ...  0.010952  0.030707  0.073655
G  0.106258  0.057222  0.034816  ...  0.010945  0.030674  0.073584
H  0.105807  0.057546  0.035054  ...  0.010989  0.031097  0.073627
I  0.105879  0.057214  0.034708  ...  0.010966  0.030746  0.075359
L  0.105847  0.057239  0.034710  ...  0.010978  0.030780  0.074284
K  0.105993  0.058459  0.034944  ...  0.010954  0.030716  0.073665
M  0.105939  0.057274  0.034784  ...  0.010975  0.030769  0.074174
F  0.105745  0.057185  0.034700  ...  0.011081  0.031611  0.073844
P  0.106043  0.057252  0.034744  ...  0.010950  0.030681  0.073659
S  0.106869  0.057364  0.035032  ...  0.010956  0.030724  0.073705
T  0.106315  0.057364  0.034909  ...  0.010956  0.030728  0.074087
W  0.105696  0.057306  0.034706  ...  0.017626  0.031272  0.073658
Y  0.105745  0.057273  0.034768  ...  0.011160  0.036282  0.073730
V  0.106276  0.057225  0.034717  ...  0.010961  0.030744  0.077823

[20 rows x 20 columns]
SUM OVER A CHARACTER OF DESTINATION:

A    1.0
R    1.0
N    1.0
D    1.0
C    1.0
Q    1.0
E    1.0
G    1.0
H    1.0
I    1.0
L    1.0
K    1.0
M    1.0
F    1.0
P    1.0
S    1.0
T    1.0
W    1.0
Y    1.0
V    1.0
dtype: float64


table_2d_proba [40,50]
PSEUDO_COUNTER_2D: 1000

          A         R         N  ...         W         Y         V
A  0.106984  0.057642  0.034982  ...  0.011036  0.030926  0.074205
R  0.106500  0.058161  0.034991  ...  0.011038  0.030929  0.074167
N  0.106500  0.057657  0.035463  ...  0.011035  0.030930  0.074164
D  0.106501  0.057644  0.035023  ...  0.011035  0.030925  0.074160
C  0.106582  0.057631  0.034980  ...  0.011036  0.030930  0.074213
Q  0.106515  0.057695  0.034999  ...  0.011036  0.030929  0.074171
E  0.106519  0.057660  0.034993  ...  0.011036  0.030926  0.074168
G  0.106535  0.057631  0.034984  ...  0.011035  0.030923  0.074161
H  0.106489  0.057664  0.035008  ...  0.011039  0.030965  0.074165
I  0.106496  0.057630  0.034973  ...  0.011037  0.030930  0.074340
L  0.106493  0.057633  0.034974  ...  0.011038  0.030933  0.074231
K  0.106508  0.057756  0.034997  ...  0.011036  0.030927  0.074169
M  0.106502  0.057636  0.034981  ...  0.011038  0.030932  0.074220
F  0.106483  0.057627  0.034973  ...  0.011049  0.031017  0.074187
P  0.106513  0.057634  0.034977  ...  0.011035  0.030923  0.074168
S  0.106596  0.057645  0.035006  ...  0.011036  0.030928  0.074173
T  0.106540  0.057645  0.034994  ...  0.011036  0.030928  0.074212
W  0.106478  0.057639  0.034973  ...  0.011709  0.030983  0.074168
Y  0.106483  0.057636  0.034979  ...  0.011056  0.031488  0.074176
V  0.106536  0.057631  0.034974  ...  0.011036  0.030930  0.074589

[20 rows x 20 columns]
SUM OVER A CHARACTER OF DESTINATION:

A    1.0
R    1.0
N    1.0
D    1.0
C    1.0
Q    1.0
E    1.0
G    1.0
H    1.0
I    1.0
L    1.0
K    1.0
M    1.0
F    1.0
P    1.0
S    1.0
T    1.0
W    1.0
Y    1.0
V    1.0
dtype: float64
