PID: 79351

20:46
n_file: 100

20:47
n_file: 200

20:47
n_file: 300

20:49
n_file: 400

20:52
n_file: 500

20:55
n_file: 600

20:56
n_file: 700

20:58
n_file: 800

20:59
n_file: 900

20:59
n_file: 1000

21:00
n_file: 1100

21:02
n_file: 1200

21:03
n_file: 1300

21:04
n_file: 1400

21:04
n_file: 1500

21:05
n_file: 1600

21:06
n_file: 1700

21:06
n_file: 1800

21:07
n_file: 1900

21:07
n_file: 2000

21:08
n_file: 2100

21:08
n_file: 2200

21:08
n_file: 2300

21:08
n_file: 2400

21:09
n_file: 2500

21:09
n_file: 2600

21:09
n_file: 2700

21:09
n_file: 2800

21:10
n_file: 2900

21:10
n_file: 3000

21:11
n_file: 3100

21:11
n_file: 3200

21:11
n_file: 3300

21:12
n_file: 3400

21:12
n_file: 3500

21:12
n_file: 3600

21:13
n_file: 3700

21:13
n_file: 3800

21:13
n_file: 3900

21:13
n_file: 4000

21:13
n_file: 4100

21:13
n_file: 4200

21:13
n_file: 4300

21:14
n_file: 4400

21:14
n_file: 4500

21:14
n_file: 4600

21:14
n_file: 4700

21:15
n_file: 4800

21:15
n_file: 4900

21:15
n_file: 5000

21:15
n_file: 5100

21:15
n_file: 5200

21:15
n_file: 5300

21:15
n_file: 5400

21:16
n_file: 5500

21:16
n_file: 5600

21:16
n_file: 5700

21:16
n_file: 5800

21:16
n_file: 5900

21:17
n_file: 6000

21:17
n_file: 6100

21:17
n_file: 6200

21:17
n_file: 6300

21:18
n_file: 6400

21:18
n_file: 6500

21:18
n_file: 6600

21:18
n_file: 6700

21:18
n_file: 6800

21:19
n_file: 6900

21:19
n_file: 7000

21:19
n_file: 7100

21:19
n_file: 7200

21:19
n_file: 7300

21:19
n_file: 7400

21:19
n_file: 7500

21:19
n_file: 7600

21:20
n_file: 7700

21:20
n_file: 7800

21:20
n_file: 7900

21:20
n_file: 8000

21:20
n_file: 8100

21:20
n_file: 8200

21:20
n_file: 8300

21:21
n_file: 8400

21:21
n_file: 8500

21:21
n_file: 8600

21:21
n_file: 8700

21:22
n_file: 8800

21:22
n_file: 8900

21:22
n_file: 9000

21:23
n_file: 9100

21:23
n_file: 9200

21:23
n_file: 9300

21:24
n_file: 9400

21:25
n_file: 9500

21:25
n_file: 9600

21:25
n_file: 9700

21:25
n_file_final: 9719

DONE IN: 2391 s
